<?xml version="1.0" encoding="UTF-8"?>
<!-- Generated by org.testng.reporters.JUnitReportReporter -->
<testsuite hostname="TSQA-L029" failures="0" tests="9" name="Runner.Runner" time="108.738" errors="0" timestamp="2022-06-16T11:25:24 IST" skipped="0">
  <testcase classname="Runner.Runner" name="firstPage" time="12.264"/>
  <system-out/>
  <testcase classname="Runner.Runner" name="flightPage" time="5.250"/>
  <system-out/>
  <testcase classname="Runner.Runner" name="bundlesPage" time="5.232"/>
  <system-out/>
  <testcase classname="Runner.Runner" name="travelerPage" time="10.330"/>
  <system-out/>
  <testcase classname="Runner.Runner" name="seatSelection" time="26.171"/>
  <system-out/>
  <testcase classname="Runner.Runner" name="bagPage" time="12.990"/>
  <system-out/>
  <testcase classname="Runner.Runner" name="hotelPage" time="12.741"/>
  <system-out/>
  <testcase classname="Runner.Runner" name="carPage" time="5.425"/>
  <system-out/>
  <testcase classname="Runner.Runner" name="payment" time="18.335"/>
  <system-out/>
</testsuite> <!-- Runner.Runner -->
